Building DAG of jobs...
Using shell: /usr/bin/bash
Provided cores: 48
Rules claiming more threads will be scaled down.
Job stats:
job                 count
----------------  -------
all                     1
assemble_contigs        1
bam_to_fastq            8
extract_fasta           1
filter_adapter          8
plot_coverage           1
rename_assembly         1
scaffold_contigs        1
trim_adapter            8
total                  30

Select jobs to execute...
Execute 4 jobs...

[Fri Aug 16 15:22:11 2024]
localrule bam_to_fastq:
    input: /home/zachary.winn/zjwinn_project_directory/LA03136E71/m54334Ue_230615_142222.hifi_reads.bam
    output: results/fastq/m54334Ue_230615_142222.hifi_reads.fastq.gz
    log: logs/bam_to_fastq/m54334Ue_230615_142222.hifi_reads.log
    jobid: 10
    reason: Missing output files: results/fastq/m54334Ue_230615_142222.hifi_reads.fastq.gz
    wildcards: sample=m54334Ue_230615_142222.hifi_reads
    threads: 12
    resources: tmpdir=/local/scratch/zachary.winn/15632238


[Fri Aug 16 15:22:11 2024]
localrule bam_to_fastq:
    input: /home/zachary.winn/zjwinn_project_directory/LA03136E71/m54334Ue_230612_200417.hifi_reads.bam
    output: results/fastq/m54334Ue_230612_200417.hifi_reads.fastq.gz
    log: logs/bam_to_fastq/m54334Ue_230612_200417.hifi_reads.log
    jobid: 22
    reason: Missing output files: results/fastq/m54334Ue_230612_200417.hifi_reads.fastq.gz
    wildcards: sample=m54334Ue_230612_200417.hifi_reads
    threads: 12
    resources: tmpdir=/local/scratch/zachary.winn/15632238


[Fri Aug 16 15:22:11 2024]
localrule bam_to_fastq:
    input: /home/zachary.winn/zjwinn_project_directory/LA03136E71/m84109_230627_181952_s2.hifi_reads.unassigned.bam
    output: results/fastq/m84109_230627_181952_s2.hifi_reads.unassigned.fastq.gz
    log: logs/bam_to_fastq/m84109_230627_181952_s2.hifi_reads.unassigned.log
    jobid: 28
    reason: Missing output files: results/fastq/m84109_230627_181952_s2.hifi_reads.unassigned.fastq.gz
    wildcards: sample=m84109_230627_181952_s2.hifi_reads.unassigned
    threads: 12
    resources: tmpdir=/local/scratch/zachary.winn/15632238


[Fri Aug 16 15:22:11 2024]
localrule bam_to_fastq:
    input: /home/zachary.winn/zjwinn_project_directory/LA03136E71/m64310e_230615_204357.hifi_reads.bam
    output: results/fastq/m64310e_230615_204357.hifi_reads.fastq.gz
    log: logs/bam_to_fastq/m64310e_230615_204357.hifi_reads.log
    jobid: 16
    reason: Missing output files: results/fastq/m64310e_230615_204357.hifi_reads.fastq.gz
    wildcards: sample=m64310e_230615_204357.hifi_reads
    threads: 12
    resources: tmpdir=/local/scratch/zachary.winn/15632238

[Fri Aug 16 15:24:11 2024]
Finished job 28.
1 of 30 steps (3%) done
Select jobs to execute...
Execute 1 jobs...

[Fri Aug 16 15:24:11 2024]
localrule bam_to_fastq:
    input: /home/zachary.winn/zjwinn_project_directory/LA03136E71/m54334Ue_230614_051233.hifi_reads.bam
    output: results/fastq/m54334Ue_230614_051233.hifi_reads.fastq.gz
    log: logs/bam_to_fastq/m54334Ue_230614_051233.hifi_reads.log
    jobid: 19
    reason: Missing output files: results/fastq/m54334Ue_230614_051233.hifi_reads.fastq.gz
    wildcards: sample=m54334Ue_230614_051233.hifi_reads
    threads: 12
    resources: tmpdir=/local/scratch/zachary.winn/15632238

[Fri Aug 16 16:01:15 2024]
Finished job 16.
2 of 30 steps (7%) done
Select jobs to execute...
Execute 1 jobs...

[Fri Aug 16 16:01:15 2024]
localrule bam_to_fastq:
    input: /home/zachary.winn/zjwinn_project_directory/LA03136E71/m54334Ue_230616_235258.hifi_reads.bam
    output: results/fastq/m54334Ue_230616_235258.hifi_reads.fastq.gz
    log: logs/bam_to_fastq/m54334Ue_230616_235258.hifi_reads.log
    jobid: 25
    reason: Missing output files: results/fastq/m54334Ue_230616_235258.hifi_reads.fastq.gz
    wildcards: sample=m54334Ue_230616_235258.hifi_reads
    threads: 12
    resources: tmpdir=/local/scratch/zachary.winn/15632238

[Fri Aug 16 16:09:56 2024]
Finished job 22.
3 of 30 steps (10%) done
Select jobs to execute...
Execute 1 jobs...

[Fri Aug 16 16:09:56 2024]
localrule bam_to_fastq:
    input: /home/zachary.winn/zjwinn_project_directory/LA03136E71/m64310e_230609_204549.hifi_reads.bam
    output: results/fastq/m64310e_230609_204549.hifi_reads.fastq.gz
    log: logs/bam_to_fastq/m64310e_230609_204549.hifi_reads.log
    jobid: 7
    reason: Missing output files: results/fastq/m64310e_230609_204549.hifi_reads.fastq.gz
    wildcards: sample=m64310e_230609_204549.hifi_reads
    threads: 12
    resources: tmpdir=/local/scratch/zachary.winn/15632238

[Fri Aug 16 16:18:34 2024]
Finished job 10.
4 of 30 steps (13%) done
Select jobs to execute...
Execute 1 jobs...

[Fri Aug 16 16:18:34 2024]
localrule bam_to_fastq:
    input: /home/zachary.winn/zjwinn_project_directory/LA03136E71/m84109_230627_181952_s2.hifi_reads.default.bam
    output: results/fastq/m84109_230627_181952_s2.hifi_reads.default.fastq.gz
    log: logs/bam_to_fastq/m84109_230627_181952_s2.hifi_reads.default.log
    jobid: 13
    reason: Missing output files: results/fastq/m84109_230627_181952_s2.hifi_reads.default.fastq.gz
    wildcards: sample=m84109_230627_181952_s2.hifi_reads.default
    threads: 12
    resources: tmpdir=/local/scratch/zachary.winn/15632238

[Fri Aug 16 16:19:28 2024]
Finished job 19.
5 of 30 steps (17%) done
Select jobs to execute...
Execute 1 jobs...

[Fri Aug 16 16:19:28 2024]
localrule filter_adapter:
    input: results/fastq/m54334Ue_230614_051233.hifi_reads.fastq.gz
    output: results/filtered/m54334Ue_230614_051233.hifi_reads.fastq
    log: logs/filter_adapter/m54334Ue_230614_051233.hifi_reads.log
    jobid: 18
    reason: Missing output files: results/filtered/m54334Ue_230614_051233.hifi_reads.fastq; Input files updated by another job: results/fastq/m54334Ue_230614_051233.hifi_reads.fastq.gz
    wildcards: sample=m54334Ue_230614_051233.hifi_reads
    threads: 12
    resources: tmpdir=/local/scratch/zachary.winn/15632238

[Fri Aug 16 16:24:46 2024]
Finished job 18.
6 of 30 steps (20%) done
Select jobs to execute...
Execute 1 jobs...

[Fri Aug 16 16:24:46 2024]
localrule trim_adapter:
    input: results/filtered/m54334Ue_230614_051233.hifi_reads.fastq
    output: results/trimmed_filtered/m54334Ue_230614_051233.hifi_reads.fastq
    log: logs/trim_adapter/m54334Ue_230614_051233.hifi_reads.log
    jobid: 17
    reason: Missing output files: results/trimmed_filtered/m54334Ue_230614_051233.hifi_reads.fastq; Input files updated by another job: results/filtered/m54334Ue_230614_051233.hifi_reads.fastq
    wildcards: sample=m54334Ue_230614_051233.hifi_reads
    threads: 12
    resources: tmpdir=/local/scratch/zachary.winn/15632238

[Fri Aug 16 16:30:12 2024]
Finished job 17.
7 of 30 steps (23%) done
Select jobs to execute...
Execute 1 jobs...

[Fri Aug 16 16:30:12 2024]
localrule filter_adapter:
    input: results/fastq/m54334Ue_230615_142222.hifi_reads.fastq.gz
    output: results/filtered/m54334Ue_230615_142222.hifi_reads.fastq
    log: logs/filter_adapter/m54334Ue_230615_142222.hifi_reads.log
    jobid: 9
    reason: Missing output files: results/filtered/m54334Ue_230615_142222.hifi_reads.fastq; Input files updated by another job: results/fastq/m54334Ue_230615_142222.hifi_reads.fastq.gz
    wildcards: sample=m54334Ue_230615_142222.hifi_reads
    threads: 12
    resources: tmpdir=/local/scratch/zachary.winn/15632238

[Fri Aug 16 16:35:39 2024]
Finished job 9.
8 of 30 steps (27%) done
Select jobs to execute...
Execute 1 jobs...

[Fri Aug 16 16:35:39 2024]
localrule filter_adapter:
    input: results/fastq/m54334Ue_230612_200417.hifi_reads.fastq.gz
    output: results/filtered/m54334Ue_230612_200417.hifi_reads.fastq
    log: logs/filter_adapter/m54334Ue_230612_200417.hifi_reads.log
    jobid: 21
    reason: Missing output files: results/filtered/m54334Ue_230612_200417.hifi_reads.fastq; Input files updated by another job: results/fastq/m54334Ue_230612_200417.hifi_reads.fastq.gz
    wildcards: sample=m54334Ue_230612_200417.hifi_reads
    threads: 12
    resources: tmpdir=/local/scratch/zachary.winn/15632238

[Fri Aug 16 16:40:30 2024]
Finished job 21.
9 of 30 steps (30%) done
Select jobs to execute...
Execute 1 jobs...

[Fri Aug 16 16:40:30 2024]
localrule trim_adapter:
    input: results/filtered/m54334Ue_230612_200417.hifi_reads.fastq
    output: results/trimmed_filtered/m54334Ue_230612_200417.hifi_reads.fastq
    log: logs/trim_adapter/m54334Ue_230612_200417.hifi_reads.log
    jobid: 20
    reason: Missing output files: results/trimmed_filtered/m54334Ue_230612_200417.hifi_reads.fastq; Input files updated by another job: results/filtered/m54334Ue_230612_200417.hifi_reads.fastq
    wildcards: sample=m54334Ue_230612_200417.hifi_reads
    threads: 12
    resources: tmpdir=/local/scratch/zachary.winn/15632238

[Fri Aug 16 16:45:34 2024]
Finished job 20.
10 of 30 steps (33%) done
Select jobs to execute...
Execute 1 jobs...

[Fri Aug 16 16:45:34 2024]
localrule filter_adapter:
    input: results/fastq/m84109_230627_181952_s2.hifi_reads.unassigned.fastq.gz
    output: results/filtered/m84109_230627_181952_s2.hifi_reads.unassigned.fastq
    log: logs/filter_adapter/m84109_230627_181952_s2.hifi_reads.unassigned.log
    jobid: 27
    reason: Missing output files: results/filtered/m84109_230627_181952_s2.hifi_reads.unassigned.fastq; Input files updated by another job: results/fastq/m84109_230627_181952_s2.hifi_reads.unassigned.fastq.gz
    wildcards: sample=m84109_230627_181952_s2.hifi_reads.unassigned
    threads: 12
    resources: tmpdir=/local/scratch/zachary.winn/15632238

[Fri Aug 16 16:45:48 2024]
Finished job 27.
11 of 30 steps (37%) done
Select jobs to execute...
Execute 1 jobs...

[Fri Aug 16 16:45:48 2024]
localrule trim_adapter:
    input: results/filtered/m84109_230627_181952_s2.hifi_reads.unassigned.fastq
    output: results/trimmed_filtered/m84109_230627_181952_s2.hifi_reads.unassigned.fastq
    log: logs/trim_adapter/m84109_230627_181952_s2.hifi_reads.unassigned.log
    jobid: 26
    reason: Missing output files: results/trimmed_filtered/m84109_230627_181952_s2.hifi_reads.unassigned.fastq; Input files updated by another job: results/filtered/m84109_230627_181952_s2.hifi_reads.unassigned.fastq
    wildcards: sample=m84109_230627_181952_s2.hifi_reads.unassigned
    threads: 12
    resources: tmpdir=/local/scratch/zachary.winn/15632238

[Fri Aug 16 16:46:07 2024]
Finished job 25.
12 of 30 steps (40%) done
Select jobs to execute...
Execute 1 jobs...

[Fri Aug 16 16:46:08 2024]
localrule filter_adapter:
    input: results/fastq/m54334Ue_230616_235258.hifi_reads.fastq.gz
    output: results/filtered/m54334Ue_230616_235258.hifi_reads.fastq
    log: logs/filter_adapter/m54334Ue_230616_235258.hifi_reads.log
    jobid: 24
    reason: Missing output files: results/filtered/m54334Ue_230616_235258.hifi_reads.fastq; Input files updated by another job: results/fastq/m54334Ue_230616_235258.hifi_reads.fastq.gz
    wildcards: sample=m54334Ue_230616_235258.hifi_reads
    threads: 12
    resources: tmpdir=/local/scratch/zachary.winn/15632238

[Fri Aug 16 16:46:09 2024]
Finished job 26.
13 of 30 steps (43%) done
Select jobs to execute...
Execute 1 jobs...

[Fri Aug 16 16:46:09 2024]
localrule filter_adapter:
    input: results/fastq/m64310e_230615_204357.hifi_reads.fastq.gz
    output: results/filtered/m64310e_230615_204357.hifi_reads.fastq
    log: logs/filter_adapter/m64310e_230615_204357.hifi_reads.log
    jobid: 15
    reason: Missing output files: results/filtered/m64310e_230615_204357.hifi_reads.fastq; Input files updated by another job: results/fastq/m64310e_230615_204357.hifi_reads.fastq.gz
    wildcards: sample=m64310e_230615_204357.hifi_reads
    threads: 12
    resources: tmpdir=/local/scratch/zachary.winn/15632238

[Fri Aug 16 16:49:30 2024]
Finished job 15.
14 of 30 steps (47%) done
Select jobs to execute...
Execute 1 jobs...

[Fri Aug 16 16:49:30 2024]
localrule trim_adapter:
    input: results/filtered/m54334Ue_230615_142222.hifi_reads.fastq
    output: results/trimmed_filtered/m54334Ue_230615_142222.hifi_reads.fastq
    log: logs/trim_adapter/m54334Ue_230615_142222.hifi_reads.log
    jobid: 8
    reason: Missing output files: results/trimmed_filtered/m54334Ue_230615_142222.hifi_reads.fastq; Input files updated by another job: results/filtered/m54334Ue_230615_142222.hifi_reads.fastq
    wildcards: sample=m54334Ue_230615_142222.hifi_reads
    threads: 12
    resources: tmpdir=/local/scratch/zachary.winn/15632238

[Fri Aug 16 16:50:33 2024]
Finished job 24.
15 of 30 steps (50%) done
Select jobs to execute...
Execute 1 jobs...

[Fri Aug 16 16:50:33 2024]
localrule trim_adapter:
    input: results/filtered/m54334Ue_230616_235258.hifi_reads.fastq
    output: results/trimmed_filtered/m54334Ue_230616_235258.hifi_reads.fastq
    log: logs/trim_adapter/m54334Ue_230616_235258.hifi_reads.log
    jobid: 23
    reason: Missing output files: results/trimmed_filtered/m54334Ue_230616_235258.hifi_reads.fastq; Input files updated by another job: results/filtered/m54334Ue_230616_235258.hifi_reads.fastq
    wildcards: sample=m54334Ue_230616_235258.hifi_reads
    threads: 12
    resources: tmpdir=/local/scratch/zachary.winn/15632238

[Fri Aug 16 16:55:13 2024]
Finished job 23.
16 of 30 steps (53%) done
Select jobs to execute...
Execute 1 jobs...

[Fri Aug 16 16:55:13 2024]
localrule trim_adapter:
    input: results/filtered/m64310e_230615_204357.hifi_reads.fastq
    output: results/trimmed_filtered/m64310e_230615_204357.hifi_reads.fastq
    log: logs/trim_adapter/m64310e_230615_204357.hifi_reads.log
    jobid: 14
    reason: Missing output files: results/trimmed_filtered/m64310e_230615_204357.hifi_reads.fastq; Input files updated by another job: results/filtered/m64310e_230615_204357.hifi_reads.fastq
    wildcards: sample=m64310e_230615_204357.hifi_reads
    threads: 12
    resources: tmpdir=/local/scratch/zachary.winn/15632238

[Fri Aug 16 16:55:36 2024]
Finished job 7.
17 of 30 steps (57%) done
Select jobs to execute...
Execute 1 jobs...

[Fri Aug 16 16:55:36 2024]
localrule filter_adapter:
    input: results/fastq/m64310e_230609_204549.hifi_reads.fastq.gz
    output: results/filtered/m64310e_230609_204549.hifi_reads.fastq
    log: logs/filter_adapter/m64310e_230609_204549.hifi_reads.log
    jobid: 6
    reason: Missing output files: results/filtered/m64310e_230609_204549.hifi_reads.fastq; Input files updated by another job: results/fastq/m64310e_230609_204549.hifi_reads.fastq.gz
    wildcards: sample=m64310e_230609_204549.hifi_reads
    threads: 12
    resources: tmpdir=/local/scratch/zachary.winn/15632238

[Fri Aug 16 16:56:12 2024]
Finished job 8.
18 of 30 steps (60%) done
[Fri Aug 16 17:00:09 2024]
Finished job 14.
19 of 30 steps (63%) done
[Fri Aug 16 17:00:15 2024]
Finished job 6.
20 of 30 steps (67%) done
Select jobs to execute...
Execute 1 jobs...

[Fri Aug 16 17:00:15 2024]
localrule trim_adapter:
    input: results/filtered/m64310e_230609_204549.hifi_reads.fastq
    output: results/trimmed_filtered/m64310e_230609_204549.hifi_reads.fastq
    log: logs/trim_adapter/m64310e_230609_204549.hifi_reads.log
    jobid: 5
    reason: Missing output files: results/trimmed_filtered/m64310e_230609_204549.hifi_reads.fastq; Input files updated by another job: results/filtered/m64310e_230609_204549.hifi_reads.fastq
    wildcards: sample=m64310e_230609_204549.hifi_reads
    threads: 12
    resources: tmpdir=/local/scratch/zachary.winn/15632238

[Fri Aug 16 17:05:05 2024]
Finished job 5.
21 of 30 steps (70%) done
[Fri Aug 16 17:07:47 2024]
Finished job 13.
22 of 30 steps (73%) done
Select jobs to execute...
Execute 1 jobs...

[Fri Aug 16 17:07:47 2024]
localrule filter_adapter:
    input: results/fastq/m84109_230627_181952_s2.hifi_reads.default.fastq.gz
    output: results/filtered/m84109_230627_181952_s2.hifi_reads.default.fastq
    log: logs/filter_adapter/m84109_230627_181952_s2.hifi_reads.default.log
    jobid: 12
    reason: Missing output files: results/filtered/m84109_230627_181952_s2.hifi_reads.default.fastq; Input files updated by another job: results/fastq/m84109_230627_181952_s2.hifi_reads.default.fastq.gz
    wildcards: sample=m84109_230627_181952_s2.hifi_reads.default
    threads: 12
    resources: tmpdir=/local/scratch/zachary.winn/15632238

[Fri Aug 16 17:14:08 2024]
Finished job 12.
23 of 30 steps (77%) done
Select jobs to execute...
Execute 1 jobs...

[Fri Aug 16 17:14:08 2024]
localrule trim_adapter:
    input: results/filtered/m84109_230627_181952_s2.hifi_reads.default.fastq
    output: results/trimmed_filtered/m84109_230627_181952_s2.hifi_reads.default.fastq
    log: logs/trim_adapter/m84109_230627_181952_s2.hifi_reads.default.log
    jobid: 11
    reason: Missing output files: results/trimmed_filtered/m84109_230627_181952_s2.hifi_reads.default.fastq; Input files updated by another job: results/filtered/m84109_230627_181952_s2.hifi_reads.default.fastq
    wildcards: sample=m84109_230627_181952_s2.hifi_reads.default
    threads: 12
    resources: tmpdir=/local/scratch/zachary.winn/15632238

[Fri Aug 16 17:21:02 2024]
Finished job 11.
24 of 30 steps (80%) done
Select jobs to execute...
Execute 1 jobs...

[Fri Aug 16 17:21:02 2024]
localrule assemble_contigs:
    input: results/trimmed_filtered/m64310e_230609_204549.hifi_reads.fastq, results/trimmed_filtered/m54334Ue_230615_142222.hifi_reads.fastq, results/trimmed_filtered/m84109_230627_181952_s2.hifi_reads.default.fastq, results/trimmed_filtered/m64310e_230615_204357.hifi_reads.fastq, results/trimmed_filtered/m54334Ue_230614_051233.hifi_reads.fastq, results/trimmed_filtered/m54334Ue_230612_200417.hifi_reads.fastq, results/trimmed_filtered/m54334Ue_230616_235258.hifi_reads.fastq, results/trimmed_filtered/m84109_230627_181952_s2.hifi_reads.unassigned.fastq
    output: results/hifiasm/hifiasm.asm.bp.p_ctg.gfa
    log: logs/assemble_contigs.log
    jobid: 4
    reason: Missing output files: results/hifiasm/hifiasm.asm.bp.p_ctg.gfa; Input files updated by another job: results/trimmed_filtered/m84109_230627_181952_s2.hifi_reads.unassigned.fastq, results/trimmed_filtered/m54334Ue_230615_142222.hifi_reads.fastq, results/trimmed_filtered/m84109_230627_181952_s2.hifi_reads.default.fastq, results/trimmed_filtered/m54334Ue_230612_200417.hifi_reads.fastq, results/trimmed_filtered/m54334Ue_230614_051233.hifi_reads.fastq, results/trimmed_filtered/m64310e_230609_204549.hifi_reads.fastq, results/trimmed_filtered/m54334Ue_230616_235258.hifi_reads.fastq, results/trimmed_filtered/m64310e_230615_204357.hifi_reads.fastq
    threads: 48
    resources: tmpdir=/local/scratch/zachary.winn/15632238

[Sat Aug 17 07:54:04 2024]
Finished job 4.
25 of 30 steps (83%) done
Select jobs to execute...
Execute 1 jobs...

[Sat Aug 17 07:54:04 2024]
localrule extract_fasta:
    input: results/hifiasm/hifiasm.asm.bp.p_ctg.gfa
    output: results/hifiasm/hifiasm.asm.bp.p_ctg.fasta
    log: logs/extract_fasta.log
    jobid: 3
    reason: Missing output files: results/hifiasm/hifiasm.asm.bp.p_ctg.fasta; Input files updated by another job: results/hifiasm/hifiasm.asm.bp.p_ctg.gfa
    resources: tmpdir=/local/scratch/zachary.winn/15632238

[Sat Aug 17 07:54:04 2024]
Error in rule extract_fasta:
    jobid: 3
    input: results/hifiasm/hifiasm.asm.bp.p_ctg.gfa
    output: results/hifiasm/hifiasm.asm.bp.p_ctg.fasta
    log: logs/extract_fasta.log (check log file(s) for error details)
    shell:
        python scripts/gfa_to_fasta.py results/hifiasm/hifiasm.asm.bp.p_ctg.gfa results/hifiasm/hifiasm.asm.bp.p_ctg.fasta 2> logs/extract_fasta.log
        (one of the commands exited with non-zero exit code; note that snakemake uses bash strict mode!)

Shutting down, this might take some time.
Exiting because a job execution failed. Look above for error message
Complete log: .snakemake/log/2024-08-16T152211.392932.snakemake.log
WorkflowError:
At least one job did not complete successfully.
